[2021-04-03 17:08:30] Страница не найдена | in file C:\OpenServer\domains\test\public\index.php | on line 12.
--------------------------------------------
[2021-04-03 17:08:46] Страница не найдена | in file C:\OpenServer\domains\test\public\index.php | on line 12. 
--------------------------------------------
[2021-04-03 17:08:49] Страница не найдена | in file C:\OpenServer\domains\test\public\index.php | on line 12. 
--------------------------------------------
[2021-04-03 17:23:56] Страница не найдена | in file C:\OpenServer\domains\test\public\index.php | on line 12. 
--------------------------------------------
[2021-04-03 17:23:56] Страница не найдена | in file C:\OpenServer\domains\test\public\index.php | on line 12. 
--------------------------------------------
[2021-04-03 17:23:56] Страница не найдена | in file C:\OpenServer\domains\test\public\index.php | on line 12. 
--------------------------------------------
[2021-04-03 17:23:56] Страница не найдена | in file C:\OpenServer\domains\test\public\index.php | on line 12. 
--------------------------------------------
[2021-04-03 17:23:56] Страница не найдена | in file C:\OpenServer\domains\test\public\index.php | on line 12. 
--------------------------------------------
[2021-04-03 17:24:40] Страница не найдена | in file C:\OpenServer\domains\test\public\index.php | on line 12. 
--------------------------------------------
[2021-04-03 17:24:40] Страница не найдена | in file C:\OpenServer\domains\test\public\index.php | on line 12. 
--------------------------------------------
[2021-04-03 17:24:40] Страница не найдена | in file C:\OpenServer\domains\test\public\index.php | on line 12. 
--------------------------------------------
[2021-04-03 17:24:40] Страница не найдена | in file C:\OpenServer\domains\test\public\index.php | on line 12. 
--------------------------------------------
[2021-04-03 17:26:52] Страница не найдена | in file C:\OpenServer\domains\test\public\index.php | on line 12. 
--------------------------------------------
[2021-04-03 17:27:12] Страница не найдена | in file C:\OpenServer\domains\test\public\index.php | on line 12. 
--------------------------------------------
[2021-04-03 17:36:31] Страница не найдена | in file C:\OpenServer\domains\test\public\index.php | on line 12. 
--------------------------------------------
[2021-04-03 17:36:33] Страница не найдена | in file C:\OpenServer\domains\test\public\index.php | on line 12. 
--------------------------------------------
[2021-04-03 17:36:45] Страница не найдена | in file C:\OpenServer\domains\test\public\index.php | on line 12. 
--------------------------------------------
[2021-04-03 17:38:32] Страница не найдена | in file C:\OpenServer\domains\test\public\index.php | on line 12. 
--------------------------------------------
[2021-04-03 17:38:50] Страница не найдена | in file C:\OpenServer\domains\test\public\index.php | on line 12. 
--------------------------------------------
[2021-04-03 22:31:47] Страница не найдена | in file C:\OpenServer\domains\test\public\index.php | on line 12. 
--------------------------------------------
[2021-05-07 20:11:13] Page not found! | in file C:\OpenServer\domains\test\public\index.php | on line 12. 
--------------------------------------------
[2021-05-07 20:11:13] Page not found! | in file C:\OpenServer\domains\test\public\index.php | on line 12. 
--------------------------------------------
[2021-05-07 20:11:35] Page not found! | in file C:\OpenServer\domains\test\public\index.php | on line 12. 
--------------------------------------------
[2021-05-07 20:11:58] Page not found! | in file C:\OpenServer\domains\test\public\index.php | on line 12. 
--------------------------------------------
[2021-05-07 20:12:11] Page not found! | in file C:\OpenServer\domains\test\public\index.php | on line 12. 
--------------------------------------------
[2021-05-07 20:12:35] Page not found! | in file C:\OpenServer\domains\test\public\index.php | on line 12. 
--------------------------------------------
[2021-05-08 12:23:53] Страница не найдена... | in file C:\OpenServer\domains\test\app\core\Router.php | on line 27. 
--------------------------------------------
[2021-05-08 12:23:57] Страница не найдена... | in file C:\OpenServer\domains\test\app\core\Router.php | on line 27. 
--------------------------------------------
[2021-05-08 12:58:08] Контроллер app\controllers\HuiVGovneController не найден | in file C:\OpenServer\domains\test\app\core\Router.php | on line 30. 
--------------------------------------------
[2021-05-08 12:58:29] Контроллер  не найден | in file C:\OpenServer\domains\test\app\core\Router.php | on line 30. 
--------------------------------------------
[2021-05-08 12:58:37] Контроллер app\controllers\HuiVGovneController не найден | in file C:\OpenServer\domains\test\app\core\Router.php | on line 30. 
--------------------------------------------
[2021-05-08 13:07:07] Контроллер app\controllers\WwwwwController не найден | in file C:\OpenServer\domains\test\app\core\Router.php | on line 35. 
--------------------------------------------
[2021-05-08 13:07:32] Контроллер app\controllers\WwwwwController не найден | in file C:\OpenServer\domains\test\app\core\Router.php | on line 35. 
--------------------------------------------
[2021-05-08 13:08:10] Контроллер app\controllers\WwwwwController не найден | in file C:\OpenServer\domains\test\app\core\Router.php | on line 35. 
--------------------------------------------
[2021-05-08 13:08:17] Контроллер app\controllers\WwwwwController не найден | in file C:\OpenServer\domains\test\app\core\Router.php | on line 35. 
--------------------------------------------
[2021-05-08 13:08:24] Метод app\controllers\MainController::indexAction не найден | in file C:\OpenServer\domains\test\app\core\Router.php | on line 32. 
--------------------------------------------
[2021-05-08 13:08:41] Метод app\controllers\MainController::indexAction не найден | in file C:\OpenServer\domains\test\app\core\Router.php | on line 32. 
--------------------------------------------
[2021-05-08 13:39:25] Метод app\controllers\PageController::indexAction не найден | in file C:\OpenServer\domains\test\app\core\Router.php | on line 32. 
--------------------------------------------
[2021-05-09 10:23:29] Layout C:\OpenServer\domains\test/appviews/layouts/default.php не найден | in file C:\OpenServer\domains\test\app\core\base\View.php | on line 49. 
--------------------------------------------
